7858609
7858608
7858607
7858606
7858605
7858604
7858603
7858602
7858601
7858600
7858599
7858598
7858597
7858596
7858595
7858594
7858593
7858592
7858591
7858590
7858589
7858588
7858587
7858586
7858585
7858584
7858583
7858582
7858581
7858580
7858579
7858578
7858577
7858576
7858575
7858574
7858573
7858572
7858571
7858570
7858569
7858568
7858567
7858566
7858565
7858564
7858563
7858562
7858561
7858560
7858559
7858558
7858557
7858556
7858555
7858554
7858553
7858552
7858551
7858550
7858549
7858548
7858547
7858546
7858545
7858544
7858543
7858542
7858541
7858540
7858539
7858538
7858537
7858536
7858535
7858534
7858533
7858532
7858531
7858530
7858529
7858528
7858527
7858526
7858525
7858524
7858523
7858522
7858521
7858520
7858519
7858518
7858517
7858516
7858515
7858514
7858513
7858512
7858511
7858510
7858509
7858508
7858507
7858506
7858505
7858504
7858503
7858502
7858501
7858500
7858499
7858498
7858497
7858496
7858495
7858494
7858493
7858492
7858491
7858490
7858489
7858488
7858487
7858486
7858485
7858484
7858483
7858482
7858481
7858480
7858479
7858478
7858477
7858476
7858475
7858474
7858473
7858472
7858471
7858470
7858469
7858468
7858467
7858466
7858465
7858464
7858463
7858462
7858461
7858460
7858459
7858458
7858457
7858456
7858455
7858454
7858453
7858452
7858451
7858450
7858449
7858448
7858447
7858446
7858445
7858444
7858443
7858442
7858441
7858440
7858439
7858438
7858437
7858436
7858435
7858434
7858433
7858432
7858431
7858430
7858429
7858428
7858427
7858426
7858425
7858424
7858423
7858422
7858421
7858420
7858419
7858418
7858417
7858416
7858415
7858414
7858413
7858412
7858411
7858410
7858409
7858408
7858407
7858406
7858405
7858404
7858403
7858402
7858401
7858400
7858399
7858398
7858397
7858396
7858395
7858394
7858393
7858392
7858391
7858390
7858389
7858388
7858387
7858386
7858385
7858384
7858383
7858382
7858381
7858380
7858379
7858378
7858377
7858376
7858375
7858374
7858373
7858372
7858371
7858370
7858369
7858368
7858367
7858366
7858365
7858364
7858363
7858362
7858361
7858360
7858359
7858358
7858357
7858356
7858355
7858354
7858353
7858352
7858351
7858350
7858349
7858348
7858347
7858346
7858345
7858344
7858343
7858342
7858341
7858340
7858339
7858338
7858337
7858336
7858335
7858334
7858333
7858332
7858331
7858330
7858329
7858328
7858327
7858326
7858325
7858324
7858323
7858322
7858321
7858320
7858319
7858318
7858317
7858316
7858315
7858314
7858313
7858312
7858311
7858310
7858309
7858308
7858307
7858306
7858305
7858304
7858303
7858302
7858301
7858300
7858299
7858298
7858297
7858296
7858295
7858294
7858293
7858292
7858291
7858290
7858289
7858288
7858287
7858286
7858285
7858284
7858283
7858282
7858281
7858280
7858279
7858278
7858277
7858276
7858275
7858274
7858273
7858272
7858271
7858270
7858269
7858268
7858267
7858266
7858265
7858264
7858263
7858262
7858261
7858260
7858259
7858258
7858257
7858256
7858255
7858254
7858253
7858252
7858251
7858250
7858249
7858248
7858247
7858246
7858245
7858244
7858243
7858242
7858241
7858240
7858239
7858238
7858237
7858236
7858235
7858234
7858233
7858232
7858231
7858230
7858229
7858228
7858227
7858226
7858225
7858224
7858223
7858222
7858221
7858220
7858219
7858218
7858217
7858216
7858215
7858214
7858213
7858212
7858211
7858210
7858209
7858208
7858207
7858206
7858205
7858204
7858203
7858202
7858201
7858200
7858199
7858198
7858197
7858196
7858195
7858194
7858193
7858192
7858191
7858190
7858189
7858188
7858187
7858186
7858185
7858184
7858183
7858182
7858181
7858180
7858179
7858178
7858177
7858176
7858175
7858174
7858173
7858172
7858171
7858170
7858169
7858168
7858167
7858166
7858165
7858164
7858163
7858162
7858161
7858160
7858159
7858158
7858157
7858156
7858155
7858154
7858153
7858152
7858151
7858150
7858149
7858148
7858147
7858146
7858145
7858144
7858143
7858142
7858141
7858140
7858139
7858138
7858137
7858136
7858135
7858134
7858133
7858132
7858131
7858130
7858129
7858128
7858127
7858126
7858125
7858124
7858123
7858122
7858121
7858120
7858119
7858118
7858117
7858116
7858115
7858114
7858113
7858112
7858111
7858110
7858109
7858108
7858107
7858106
7858105
7858104
7858103
7858102
7858101
7858100
7858099
7858098
7858097
7858096
7858095
7858094
7858093
7858092
7858091
7858090
7858089
7858088
7858087
7858086
7858085
7858084
7858083
7858082
7858081
7858080
7858079
7858078
7858077
7858076
7858075
7858074
7858073
7858072
7858071
7858070
7858069
7858068
7858067
7858066
7858065
7858064
7858063
7858062
7858061
7858060
7858059
7858058
7858057
7858056
7858055
7858054
7858053
7858052
7858051
7858050
7858049
7858048
7858047
7858046
7858045
7858044
7858043
7858042
7858041
7858040
7858039
7858038
7858037
7858036
7858035
7858034
7858033
7858032
7858031
7858030
7858029
7858028
7858027
7858026
7858025
7858024
7858023
7858022
7858021
7858020
7858019
7858018
7858017
7858016
7858015
7858014
7858013
7858012
7858011
7858010
7858009
7858008
7858007
7858006
7858005
7858004
7858003
7858002
7858001
7858000
7857999
7857998
7857997
7857996
7857995
7857994
7857993
7857992
7857991
7857990
7857989
7857988
7857987
7857986
7857985
7857984
7857983
7857982
7857981
7857980
7857979
7857978
7857977
7857976
7857975
7857974
7857973
7857972
7857971
7857970
7857969
7857968
7857967
7857966
7857965
7857964
7857963
7857962
7857961
7857960
7857959
7857958
7857957
7857956
7857955
7857954
7857953
7857952
7857951
7857950
7857949
7857948
7857947
7857946
7857945
7857944
7857943
7857942
7857941
7857940
7857939
7857938
7857937
7857936
7857935
7857934
7857933
7857932
7857931
7857930
7857929
7857928
7857927
7857926
7857925
7857924
7857923
7857922
7857921
7857920
7857919
7857918
7857917
7857916
7857915
7857914
7857913
7857912
7857911
7857910
7857909
7857908
7857907
7857906
7857905
7857904
7857903
7857902
7857901
7857900
7857899
7857898
7857897
7857896
7857895
7857894
7857893
7857892
7857891
7857890
7857889
7857888
7857887
7857886
7857885
7857884
7857883
7857882
7857881
7857880
7857879
7857878
7857877
7857876
7857875
7857874
7857873
7857872
7857871
7857870
7857869
7857868
7857867
7857866
7857865
7857864
7857863
7857862
7857861
7857860
7857859
7857858
7857857
7857856
7857855
7857854
7857853
7857852
7857851
7857850
7857849
7857848
7857847
7857846
7857845
7857844
7857843
7857842
7857841
7857840
7857839
7857838
7857837
7857836
7857835
7857834
7857833
7857832
7857831
7857830
7857829
7857828
7857827
7857826
7857825
7857824
7857823
7857822
7857821
7857820
7857819
7857818
7857817
7857816
7857815
7857814
7857813
7857812
7857811
7857810
7857809
7857808
7857807
7857806
7857805
7857804
7857803
7857802
7857801
7857800
7857799
7857798
7857797
7857796
7857795
7857794
7857793
7857792
7857791
7857790
7857789
7857788
7857787
7857786
7857785
7857784
7857783
7857782
7857781
7857780
7857779
7857778
7857777
7857776
7857775
7857774
7857773
7857772
7857771
7857770
7857769
7857768
7857767
7857766
7857765
7857764
7857763
7857762
7857761
7857760
7857759
7857758
7857757
7857756
7857755
7857754
7857753
7857752
7857751
7857750
7857749
7857748
7857747
7857746
7857745
7857744
7857743
7857742
7857741
7857740
7857739
7857738
7857737
7857736
7857735
7857734
7857733
7857732
7857731
7857730
7857729
7857728
7857727
7857726
7857725
7857724
7857723
7857722
7857721
7857720
7857719
7857718
7857717
7857716
7857715
7857714
7857713
7857712
7857711
7857710
7857709
7857708
7857707
7857706
7857705
7857704
7857703
7857702
7857701
7857700
7857699
7857698
7857697
7857696
7857695
7857694
7857693
7857692
7857691
7857690
7857689
7857688
7857687
7857686
7857685
7857684
7857683
7857682
7857681
7857680
7857679
7857678
7857677
7857676
7857675
7857674
7857673
7857672
7857671
7857670
7857669
7857668
7857667
7857666
7857665
7857664
7857663
7857662
7857661
7857660
7857659
7857658
7857657
7857656
7857655
7857654
7857653
7857652
7857651
7857650
7857649
7857648
7857647
7857646
7857645
7857644
7857643
7857642
7857641
7857640
7857639
7857638
7857637
7857636
7857635
7857634
7857633
7857632
7857631
7857630
7857629
7857628
7857627
7857626
7857625
7857624
7857623
7857622
7857621
7857620
7857619
7857618
7857617
7857616
7857615
7857614
7857613
7857612
7857611
7857610
7857609
7857608
7857607
7857606
7857605
7857604
7857603
7857602
7857601
7857600
7857599
7857598
7857597
7857596
7857595
7857594
7857593
7857592
7857591
7857590
7857589
7857588
7857587
7857586
7857585
7857584
7857583
7857582
7857581
7857580
7857579
7857578
7857577
7857576
7857575
7857574
7857573
7857572
7857571
7857570
7857569
7857568
7857567
7857566
7857565
7857564
7857563
7857562
7857561
7857560
7857559
7857558
7857557
7857556
7857555
7857554
7857553
7857552
7857551
7857550
7857549
7857548
7857547
7857546
7857545
7857544
7857543
7857542
7857541
7857540
7857539
7857538
7857537
7857536
7857535
7857534
7857533
7857532
7857531
7857530
7857529
7857528
7857527
7857526
7857525
7857524
7857523
7857522
7857521
7857520
7857519
7857518
7857517
7857516
7857515
7857514
7857513
7857512
7857511
7857510
7857509
7857508
7857507
7857506
7857505
7857504
7857503
7857502
7857501
7857500
7857499
7857498
7857497
7857496
7857495
7857494
7857493
7857492
7857491
7857490
7857489
7857488
7857487
7857486
7857485
7857484
7857483
7857482
7857481
7857480
7857479
7857478
7857477
7857476
7857475
7857474
7857473
7857472
7857471
7857470
7857469
7857468
7857467
7857466
7857465
7857464
7857463
7857462
7857461
7857460
7857459
7857458
7857457
7857456
7857455
7857454
7857453
7857452
7857451
7857450
7857449
7857448
7857447
7857446
7857445
7857444
7857443
7857442
7857441
7857440
7857439
7857438
7857437
7857436
7857435
7857434
7857433
7857432
7857431
7857430
7857429
7857428
7857427
7857426
7857425
7857424
7857423
7857422
7857421
7857420
7857419
7857418
7857417
7857416
7857415
7857414
7857413
7857412
7857411
7857410
7857409
7857408
7857407
7857406
7857405
7857404
7857403
7857402
7857401
7857400
7857399
7857398
7857397
7857396
7857395
7857394
7857393
7857392
7857391
7857390
7857389
7857388
7857387
7857386
7857385
7857384
7857383
7857382
7857381
7857380
7857379
7857378
7857377
7857376
7857375
7857374
7857373
7857372
7857371
7857370
7857369
7857368
7857367
7857366
7857365
7857364
7857363
7857362
7857361
7857360
7857359
7857358
7857357
7857356
7857355
7857354
7857353
7857352
7857351
7857350
7857349
7857348
7857347
7857346
7857345
7857344
7857343
7857342
7857341
7857340
7857339
7857338
7857337
7857336
7857335
7857334
7857333
7857332
7857331
7857330
7857329
7857328
7857327
7857326
7857325
7857324
7857323
7857322
7857321
7857320
7857319
7857318
7857317
7857316
7857315
7857314
7857313
7857312
7857311
7857310
7857309
7857308
7857307
7857306
7857305
7857304
7857303
7857302
7857301
7857300
7857299
7857298
7857297
7857296
7857295
7857294
7857293
7857292
7857291
7857290
7857289
7857288
7857287
7857286
7857285
7857284
7857283
7857282
7857281
7857280
7857279
7857278
7857277
7857276
7857275
7857274
7857273
7857272
7857271
7857270
7857269
7857268
7857267
7857266
7857265
7857264
7857263
7857262
7857261
7857260
7857259
7857258
7857257
7857256
7857255
7857254
7857253
7857252
7857251
7857250
7857249
7857248
7857247
7857246
7857245
7857244
7857243
7857242
7857241
7857240
7857239
7857238
7857237
7857236
7857235
7857234
7857233
7857232
7857231
7857230
7857229
7857228
7857227
7857226
7857225
7857224
7857223
7857222
7857221
7857220
7857219
7857218
7857217
7857216
7857215
7857214
7857213
7857212
7857211
7857210
7857209
7857208
7857207
7857206
7857205
7857204
7857203
7857202
7857201
7857200
7857199
7857198
7857197
7857196
7857195
7857194
7857193
7857192
7857191
7857190
7857189
7857188
7857187
7857186
7857185
7857184
7857183
7857182
7857181
7857180
7857179
7857178
7857177
7857176
7857175
7857174
7857173
7857172
7857171
7857170
7857169
7857168
7857167
7857166
7857165
7857164
7857163
7857162
7857161
7857160
7857159
7857158
7857157
7857156
7857155
7857154
7857153
7857152
7857151
7857150
7857149
7857148
7857147
7857146
7857145
7857144
7857143
7857142
7857141
7857140
7857139
7857138
7857137
7857136
7857135
7857134
7857133
7857132
7857131
7857130
7857129
7857128
7857127
7857126
7857125
7857124
7857123
7857122
7857121
7857120
7857119
7857118
7857117
7857116
7857115
7857114
7857113
7857112
7857111
7857110
7857109
7857108
7857107
7857106
7857105
7857104
7857103
7857102
7857101
7857100
7857099
7857098
7857097
7857096
7857095
7857094
7857093
7857092
7857091
7857090
7857089
7857088
7857087
7857086
7857085
7857084
7857083
7857082
7857081
7857080
7857079
7857078
7857077
7857076
7857075
7857074
7857073
7857072
7857071
7857070
7857069
7857068
7857067
7857066
7857065
7857064
7857063
7857062
7857061
7857060
7857059
7857058
7857057
7857056
7857055
7857054
7857053
7857052
7857051
7857050
7857049
7857048
7857047
7857046
7857045
7857044
7857043
7857042
7857041
7857040
7857039
7857038
7857037
7857036
7857035
7857034
7857033
7857032
7857031
7857030
7857029
7857028
7857027
7857026
7857025
7857024
7857023
7857022
7857021
7857020
7857019
7857018
7857017
7857016
7857015
7857014
7857013
7857012
7857011
7857010
7857009
7857008
7857007
7857006
7857005
7857004
7857003
7857002
7857001
7857000
7856999
7856998
7856997
7856996
7856995
7856994
7856993
7856992
7856991
7856990
7856989
7856988
7856987
7856986
7856985
7856984
7856983
7856982
7856981
7856980
7856979
7856978
7856977
7856976
7856975
7856974
7856973
7856972
7856971
7856970
7856969
7856968
7856967
7856966
7856965
7856964
7856963
7856962
7856961
7856960
7856959
7856958
7856957
7856956
7856955
7856954
7856953
7856952
7856951
7856950
7856949
7856948
7856947
7856946
7856945
7856944
7856943
7856942
7856941
7856940
7856939
7856938
7856937
7856936
7856935
7856934
7856933
7856932
7856931
7856930
7856929
7856928
7856927
7856926
7856925
7856924
7856923
7856922
7856921
7856920
7856919
7856918
7856917
7856916
7856915
7856914
7856913
7856912
7856911
7856910
7856909
7856908
7856907
7856906
7856905
7856904
7856903
7856902
7856901
7856900
7856899
7856898
7856897
7856896
7856895
7856894
7856893
7856892
7856891
7856890
7856889
7856888
7856887
7856886
7856885
7856884
7856883
7856882
7856881
7856880
7856879
7856878
7856877
7856876
7856875
7856874
7856873
7856872
7856871
7856870
7856869
7856868
7856867
7856866
7856865
7856864
7856863
7856862
7856861
7856860
7856859
7856858
7856857
7856856
7856855
7856854
7856853
7856852
7856851
7856850
7856849
7856848
7856847
7856846
7856845
7856844
7856843
7856842
7856841
7856840
7856839
7856838
7856837
7856836
7856835
7856834
7856833
7856832
7856831
7856830
7856829
7856828
7856827
7856826
7856825
7856824
7856823
7856822
7856821
7856820
7856819
7856818
7856817
7856816
7856815
7856814
7856813
7856812
7856811
7856810
7856809
7856808
7856807
7856806
7856805
7856804
7856803
7856802
7856801
7856800
7856799
7856798
7856797
7856796
7856795
7856794
7856793
7856792
7856791
7856790
7856789
7856788
7856787
7856786
7856785
7856784
7856783
7856782
7856781
7856780
7856779
7856778
7856777
7856776
7856775
7856774
7856773
7856772
7856771
7856770
7856769
7856768
7856767
7856766
7856765
7856764
7856763
7856762
7856761
7856760
7856759
7856758
7856757
7856756
7856755
7856754
7856753
7856752
7856751
7856750
7856749
7856748
7856747
7856746
7856745
7856744
7856743
7856742
7856741
7856740
7856739
7856738
7856737
7856736
7856735
7856734
7856733
7856732
7856731
7856730
7856729
7856728
7856727
7856726
7856725
7856724
7856723
7856722
7856721
7856720
7856719
7856718
7856717
7856716
7856715
7856714
7856713
7856712
7856711
7856710
7856709
7856708
7856707
7856706
7856705
7856704
7856703
7856702
7856701
7856700
7856699
7856698
7856697
7856696
7856695
7856694
7856693
7856692
7856691
7856690
7856689
7856688
7856687
7856686
7856685
7856684
7856683
7856682
7856681
7856680
7856679
7856678
7856677
7856676
7856675
7856674
7856673
7856672
7856671
7856670
7856669
7856668
7856667
7856666
7856665
7856664
7856663
7856662
7856661
7856660
7856659
7856658
7856657
7856656
7856655
7856654
7856653
7856652
7856651
7856650
7856649
7856648
7856647
7856646
7856645
7856644
7856643
7856642
7856641
7856640
7856639
7856638
7856637
7856636
7856635
7856634
7856633
7856632
7856631
7856630
7856629
7856628
7856627
7856626
7856625
7856624
7856623
7856622
7856621
7856620
7856619
7856618
7856617
7856616
7856615
7856614
7856613
7856612
7856611
7856610
7856609
7856608
7856607
7856606
7856605
7856604
7856603
7856602
7856601
7856600
7856599
7856598
7856597
7856596
7856595
7856594
7856593
7856592
7856591
7856590
7856589
7856588
7856587
7856586
7856585
7856584
7856583
7856582
7856581
7856580
7856579
7856578
7856577
7856576
7856575
7856574
7856573
7856572
7856571
7856570
7856569
7856568
7856567
7856566
7856565
7856564
7856563
7856562
7856561
7856560
7856559
7856558
7856557
7856556
7856555
7856554
7856553
7856552
7856551
7856550
7856549
7856548
7856547
7856546
7856545
7856544
7856543
7856542
7856541
7856540
7856539
7856538
7856537
7856536
7856535
7856534
7856533
7856532
7856531
7856530
7856529
7856528
7856527
7856526
7856525
7856524
7856523
7856522
7856521
7856520
7856519
7856518
7856517
7856516
7856515
7856514
7856513
7856512
7856511
7856510
7856509
7856508
7856507
7856506
7856505
7856504
7856503
7856502
7856501
7856500
7856499
7856498
7856497
7856496
7856495
7856494
7856493
7856492
7856491
7856490
7856489
7856488
7856487
7856486
7856485
7856484
7856483
7856482
7856481
7856480
7856479
7856478
7856477
7856476
7856475
7856474
7856473
7856472
7856471
7856470
7856469
7856468
7856467
7856466
7856465
7856464
7856463
7856462
7856461
7856460
7856459
7856458
7856457
7856456
7856455
7856454
7856453
7856452
7856451
7856450
7856449
7856448
7856447
7856446
7856445
7856444
7856443
7856442
7856441
7856440
7856439
7856438
7856437
7856436
7856435
7856434
7856433
7856432
7856431
7856430
7856429
7856428
7856427
7856426
7856425
7856424
7856423
7856422
7856421
7856420
7856419
7856418
7856417
7856416
7856415
7856414
7856413
7856412
7856411
7856410
7856409
7856408
7856407
7856406
7856405
7856404
7856403
7856402
7856401
7856400
7856399
7856398
7856397
7856396
7856395
7856394
7856393
7856392
7856391
7856390
7856389
7856388
7856387
7856386
7856385
7856384
7856383
7856382
7856381
7856380
7856379
7856378
7856377
7856376
7856375
7856374
7856373
7856372
7856371
7856370
7856369
7856368
7856367
7856366
7856365
7856364
7856363
7856362
7856361
7856360
7856359
7856358
7856357
7856356
7856355
7856354
7856353
7856352
7856351
7856350
7856349
7856348
7856347
7856346
7856345
7856344
7856343
7856342
7856341
7856340
7856339
7856338
7856337
7856336
7856335
7856334
7856333
7856332
7856331
7856330
7856329
7856328
7856327
7856326
7856325
7856324
7856323
7856322
7856321
7856320
7856319
7856318
7856317
7856316
7856315
7856314
7856313
7856312
7856311
7856310
7856309
7856308
7856307
7856306
7856305
7856304
7856303
7856302
7856301
7856300
7856299
7856298
7856297
7856296
7856295
7856294
7856293
7856292
7856291
7856290
7856289
7856288
7856287
7856286
7856285
7856284
7856283
7856282
7856281
7856280
7856279
7856278
7856277
7856276
7856275
7856274
7856273
7856272
7856271
7856270
7856269
7856268
7856267
7856266
7856265
7856264
7856263
7856262
7856261
7856260
7856259
7856258
7856257
7856256
7856255
7856254
7856253
7856252
7856251
7856250
7856249
7856248
7856247
7856246
7856245
7856244
7856243
7856242
7856241
7856240
7856239
7856238
7856237
7856236
7856235
7856234
7856233
7856232
7856231
7856230
7856229
7856228
7856227
7856226
7856225
7856224
7856223
7856222
7856221
7856220
7856219
7856218
7856217
7856216
7856215
7856214
7856213
7856212
7856211
7856210
7856209
7856208
7856207
7856206
7856205
7856204
7856203
7856202
7856201
7856200
7856199
7856198
7856197
7856196
7856195
7856194
7856193
7856192
7856191
7856190
7856189
7856188
7856187
7856186
7856185
7856184
7856183
7856182
7856181
7856180
7856179
7856178
7856177
7856176
7856175
7856174
7856173
7856172
7856171
7856170
7856169
7856168
7856167
7856166
7856165
7856164
7856163
7856162
7856161
7856160
7856159
7856158
7856157
7856156
7856155
7856154
7856153
7856152
7856151
7856150
7856149
7856148
7856147
7856146
7856145
7856144
7856143
7856142
7856141
7856140
7856139
7856138
7856137
7856136
7856135
7856134
7856133
7856132
7856131
7856130
7856129
7856128
7856127
7856126
7856125
7856124
7856123
7856122
7856121
7856120
7856119
7856118
7856117
7856116
7856115
7856114
7856113
7856112
7856111
7856110
7856109
7856108
7856107
7856106
7856105
7856104
7856103
7856102
7856101
7856100
7856099
7856098
7856097
7856096
7856095
7856094
7856093
7856092
7856091
7856090
7856089
7856088
7856087
7856086
7856085
7856084
7856083
7856082
7856081
7856080
7856079
7856078
7856077
7856076
7856075
7856074
7856073
7856072
7856071
7856070
7856069
7856068
7856067
7856066
7856065
7856064
7856063
7856062
7856061
7856060
7856059
7856058
7856057
7856056
7856055
7856054
7856053
7856052
7856051
7856050
7856049
7856048
7856047
7856046
7856045
7856044
7856043
7856042
7856041
7856040
7856039
7856038
7856037
7856036
7856035
7856034
7856033
7856032
7856031
7856030
7856029
7856028
7856027
7856026
7856025
7856024
7856023
7856022
7856021
7856020
7856019
7856018
7856017
7856016
7856015
7856014
7856013
7856012
7856011
7856010
7856009
7856008
7856007
7856006
7856005
7856004
7856003
7856002
7856001
7856000
7855999
7855998
7855997
7855996
7855995
7855994
7855993
7855992
7855991
7855990
7855989
7855988
7855987
7855986
7855985
7855984
7855983
7855982
7855981
7855980
7855979
7855978
7855977
7855976
7855975
7855974
7855973
7855972
7855971
7855970
7855969
7855968
7855967
7855966
7855965
7855964
7855963
7855962
7855961
7855960
7855959
7855958
7855957
7855956
7855955
7855954
7855953
7855952
7855951
7855950
7855949
7855948
7855947
7855946
7855945
7855944
7855943
7855942
7855941
7855940
7855939
7855938
7855937
7855936
7855935
7855934
7855933
7855932
7855931
7855930
7855929
7855928
7855927
7855926
7855925
7855924
7855923
7855922
7855921
7855920
7855919
7855918
7855917
7855916
7855915
7855914
7855913
7855912
7855911
7855910
7855909
7855908
7855907
7855906
7855905
7855904
7855903
7855902
7855901
7855900
7855899
7855898
7855897
7855896
7855895
7855894
7855893
7855892
7855891
7855890
7855889
7855888
7855887
7855886
7855885
7855884
7855883
7855882
7855881
7855880
7855879
7855878
7855877
7855876
7855875
7855874
7855873
7855872
7855871
7855870
7855869
7855868
7855867
7855866
7855865
7855864
7855863
7855862
7855861
7855860
7855859
7855858
7855857
7855856
7855855
7855854
7855853
7855852
7855851
7855850
7855849
7855848
7855847
7855846
7855845
7855844
7855843
7855842
7855841
7855840
7855839
7855838
7855837
7855836
7855835
7855834
7855833
7855832
7855831
7855830
7855829
7855828
7855827
7855826
7855825
7855824
7855823
7855822
7855821
7855820
7855819
7855818
7855817
7855816
7855815
7855814
7855813
7855812
7855811
7855810
7855809
7855808
7855807
7855806
7855805
7855804
7855803
7855802
7855801
7855800
7855799
7855798
7855797
7855796
7855795
7855794
7855793
7855792
7855791
7855790
7855789
7855788
7855787
7855786
7855785
7855784
7855783
7855782
7855781
7855780
7855779
7855778
7855777
7855776
7855775
7855774
7855773
7855772
7855771
7855770
7855769
7855768
7855767
7855766
7855765
7855764
7855763
7855762
7855761
7855760
7855759
7855758
7855757
7855756
7855755
7855754
7855753
7855752
7855751
7855750
7855749
7855748
7855747
7855746
7855745
7855744
7855743
7855742
7855741
7855740
7855739
7855738
7855737
7855736
7855735
7855734
7855733
7855732
7855731
7855730
7855729
7855728
7855727
7855726
7855725
7855724
7855723
7855722
7855721
7855720
7855719
7855718
7855717
7855716
7855715
7855714
7855713
7855712
7855711
7855710
7855709
7855708
7855707
7855706
7855705
7855704
7855703
7855702
7855701
7855700
7855699
7855698
7855697
7855696
7855695
7855694
7855693
7855692
7855691
7855690
7855689
7855688
7855687
7855686
7855685
7855684
7855683
7855682
7855681
7855680
7855679
7855678
7855677
7855676
7855675
7855674
7855673
7855672
7855671
7855670
7855669
7855668
7855667
7855666
7855665
7855664
7855663
7855662
7855661
7855660
7855659
7855658
7855657
7855656
7855655
7855654
7855653
7855652
7855651
7855650
7855649
7855648
7855647
7855646
7855645
7855644
7855643
7855642
7855641
7855640
7855639
7855638
7855637
7855636
7855635
7855634
7855633
7855632
7855631
7855630
7855629
7855628
7855627
7855626
7855625
7855624
7855623
7855622
7855621
7855620
7855619
7855618
7855617
7855616
7855615
7855614
7855613
7855612
7855611
7855610
7855609
7855608
7855607
7855606
7855605
7855604
7855603
7855602
7855601
7855600
7855599
7855598
7855597
7855596
7855595
7855594
7855593
7855592
7855591
7855590
7855589
7855588
7855587
7855586
7855585
7855584
7855583
7855582
7855581
7855580
7855579
7855578
7855577
7855576
7855575
7855574
7855573
7855572
7855571
7855570
7855569
7855568
7855567
7855566
7855565
7855564
7855563
7855562
7855561
7855560
7855559
7855558
7855557
7855556
7855555
7855554
7855553
7855552
7855551
7855550
7855549
7855548
7855547
7855546
7855545
7855544
7855543
7855542
7855541
7855540
7855539
7855538
7855537
7855536
7855535
7855534
7855533
7855532
7855531
7855530
7855529
7855528
7855527
7855526
7855525
7855524
7855523
7855522
7855521
7855520
7855519
7855518
7855517
7855516
7855515
7855514
7855513
7855512
7855511
7855510
7855509
7855508
7855507
7855506
7855505
7855504
7855503
7855502
7855501
7855500
7855499
7855498
7855497
7855496
7855495
7855494
7855493
7855492
7855491
7855490
7855489
7855488
7855487
7855486
7855485
7855484
7855483
7855482
7855481
7855480
7855479
7855478
7855477
7855476
7855475
7855474
7855473
7855472
7855471
7855470
7855469
7855468
7855467
7855466
7855465
7855464
7855463
7855462
7855461
7855460
7855459
7855458
7855457
7855456
7855455
7855454
7855453
7855452
7855451
7855450
7855449
7855448
7855447
7855446
7855445
7855444
7855443
7855442
7855441
7855440
7855439
7855438
7855437
7855436
7855435
7855434
7855433
7855432
7855431
7855430
7855429
7855428
7855427
7855426
7855425
7855424
7855423
7855422
7855421
7855420
7855419
7855418
7855417
7855416
7855415
7855414
7855413
7855412
7855411
7855410
7855409
7855408
7855407
7855406
7855405
7855404
7855403
7855402
7855401
7855400
7855399
7855398
7855397
7855396
7855395
7855394
7855393
7855392
7855391
7855390
7855389
7855388
7855387
7855386
7855385
7855384
7855383
7855382
7855381
7855380
7855379
7855378
7855377
7855376
7855375
7855374
7855373
7855372
7855371
7855370
7855369
7855368
7855367
7855366
7855365
7855364
7855363
7855362
7855361
7855360
7855359
7855358
7855357
7855356
7855355
7855354
7855353
7855352
7855351
7855350
7855349
7855348
7855347
7855346
7855345
7855344
7855343
7855342
7855341
7855340
7855339
7855338
7855337
7855336
7855335
7855334
7855333
7855332
7855331
7855330
7855329
7855328
7855327
7855326
7855325
7855324
7855323
7855322
7855321
7855320
7855319
7855318
7855317
7855316
7855315
7855314
7855313
7855312
7855311
7855310
7855309
7855308
7855307
7855306
7855305
7855304
7855303
7855302
7855301
7855300
7855299
7855298
7855297
7855296
7855295
7855294
7855293
7855292
7855291
7855290
7855289
7855288
7855287
7855286
7855285
7855284
7855283
7855282
7855281
7855280
7855279
7855278
7855277
7855276
7855275
7855274
7855273
7855272
7855271
7855270
7855269
7855268
7855267
7855266
7855265
7855264
7855263
7855262
7855261
7855260
7855259
7855258
7855257
7855256
7855255
7855254
7855253
7855252
7855251
7855250
7855249
7855248
7855247
7855246
7855245
7855244
7855243
7855242
7855241
7855240
7855239
7855238
7855237
7855236
7855235
7855234
7855233
7855232
7855231
7855230
7855229
7855228
7855227
7855226
7855225
7855224
7855223
7855222
7855221
7855220
7855219
7855218
7855217
7855216
7855215
7855214
7855213
7855212
7855211
7855210
7855209
7855208
7855207
7855206
7855205
7855204
7855203
7855202
7855201
7855200
7855199
7855198
7855197
7855196
7855195
7855194
7855193
7855192
7855191
7855190
7855189
7855188
7855187
7855186
7855185
7855184
7855183
7855182
7855181
7855180
7855179
7855178
7855177
7855176
7855175
7855174
7855173
7855172
7855171
7855170
7855169
7855168
7855167
7855166
7855165
7855164
7855163
7855162
7855161
7855160
7855159
7855158
7855157
7855156
7855155
7855154
7855153
7855152
7855151
7855150
7855149
7855148
7855147
7855146
7855145
7855144
7855143
7855142
7855141
7855140
7855139
7855138
7855137
7855136
7855135
7855134
7855133
7855132
7855131
7855130
7855129
7855128
7855127
7855126
7855125
7855124
7855123
7855122
7855121
7855120
7855119
7855118
7855117
7855116
7855115
7855114
7855113
7855112
7855111
7855110
7855109
7855108
7855107
7855106
7855105
7855104
7855103
7855102
7855101
7855100
7855099
7855098
7855097
7855096
7855095
7855094
7855093
7855092
7855091
7855090
7855089
7855088
7855087
7855086
7855085
7855084
7855083
7855082
7855081
7855080
7855079
7855078
7855077
7855076
7855075
7855074
7855073
7855072
7855071
7855070
7855069
7855068
7855067
7855066
7855065
7855064
7855063
7855062
7855061
7855060
7855059
7855058
7855057
7855056
7855055
7855054
7855053
7855052
7855051
7855050
7855049
7855048
7855047
7855046
7855045
7855044
7855043
7855042
7855041
7855040
7855039
7855038
7855037
7855036
7855035
7855034
7855033
7855032
7855031
7855030
7855029
7855028
7855027
7855026
7855025
7855024
7855023
7855022
7855021
7855020
7855019
7855018
7855017
7855016
7855015
7855014
7855013
7855012
7855011
7855010
7855009
7855008
7855007
7855006
7855005
7855004
7855003
7855002
7855001
7855000
7854999
7854998
7854997
7854996
7854995
7854994
7854993
7854992
7854991
7854990
7854989
7854988
7854987
7854986
7854985
7854984
7854983
7854982
7854981
7854980
7854979
7854978
7854977
7854976
7854975
7854974
7854973
7854972
7854971
7854970
7854969
7854968
7854967
7854966
7854965
7854964
7854963
7854962
7854961
7854960
7854959
7854958
7854957
7854956
7854955
7854954
7854953
7854952
7854951
7854950
7854949
7854948
7854947
7854946
7854945
7854944
7854943
7854942
7854941
7854940
7854939
7854938
7854937
7854936
7854935
7854934
7854933
7854932
7854931
7854930
7854929
7854928
7854927
7854926
7854925
7854924
7854923
7854922
7854921
7854920
7854919
7854918
7854917
7854916
7854915
7854914
7854913
7854912
7854911
7854910
7854909
7854908
7854907
7854906
7854905
7854904
7854903
7854902
7854901
7854900
7854899
7854898
7854897
7854896
7854895
7854894
7854893
7854892
7854891
7854890
7854889
7854888
7854887
7854886
7854885
7854884
7854883
7854882
7854881
7854880
7854879
7854878
7854877
7854876
7854875
7854874
7854873
7854872
7854871
7854870
7854869
7854868
7854867
7854866
7854865
7854864
7854863
7854862
7854861
7854860
7854859
7854858
7854857
7854856
7854855
7854854
7854853
7854852
7854851
7854850
7854849
7854848
7854847
7854846
7854845
7854844
7854843
7854842
7854841
7854840
7854839
7854838
7854837
7854836
7854835
7854834
7854833
7854832
7854831
7854830
7854829
7854828
7854827
7854826
7854825
7854824
7854823
7854822
7854821
7854820
7854819
7854818
7854817
7854816
7854815
7854814
7854813
7854812
7854811
7854810
7854809
7854808
7854807
7854806
7854805
7854804
7854803
7854802
7854801
7854800
7854799
7854798
7854797
7854796
7854795
7854794
7854793
7854792
7854791
7854790
7854789
7854788
7854787
7854786
7854785
7854784
7854783
7854782
7854781
7854780
7854779
7854778
7854777
7854776
7854775
7854774
7854773
7854772
7854771
7854770
7854769
7854768
7854767
7854766
7854765
7854764
7854763
7854762
7854761
7854760
7854759
7854758
7854757
7854756
7854755
7854754
7854753
7854752
7854751
7854750
7854749
7854748
7854747
7854746
7854745
7854744
7854743
7854742
7854741
7854740
7854739
7854738
7854737
7854736
7854735
7854734
7854733
7854732
7854731
7854730
7854729
7854728
7854727
7854726
7854725
7854724
7854723
7854722
7854721
7854720
7854719
7854718
7854717
7854716
7854715
7854714
7854713
7854712
7854711
7854710
7854709
7854708
7854707
7854706
7854705
7854704
7854703
7854702
7854701
7854700
7854699
7854698
7854697
7854696
7854695
7854694
7854693
7854692
7854691
7854690
7854689
7854688
7854687
7854686
7854685
7854684
7854683
7854682
7854681
7854680
7854679
7854678
7854677
7854676
7854675
7854674
7854673
7854672
7854671
7854670
7854669
7854668
7854667
7854666
7854665
7854664
7854663
7854662
7854661
7854660
7854659
7854658
7854657
7854656
7854655
7854654
7854653
7854652
7854651
7854650
7854649
7854648
7854647
7854646
7854645
7854644
7854643
7854642
7854641
7854640
7854639
7854638
7854637
7854636
7854635
7854634
7854633
7854632
7854631
7854630
7854629
7854628
7854627
7854626
7854625
7854624
7854623
7854622
7854621
7854620
7854619
7854618
7854617
7854616
7854615
7854614
7854613
7854612
7854611
7854610
7854609
7854608
7854607
7854606
7854605
7854604
7854603
7854602
7854601
7854600
7854599
7854598
7854597
7854596
7854595
7854594
7854593
7854592
7854591
7854590
7854589
7854588
7854587
7854586
7854585
7854584
7854583
7854582
7854581
7854580
7854579
7854578
7854577
7854576
7854575
7854574
7854573
7854572
7854571
7854570
7854569
7854568
7854567
7854566
7854565
7854564
7854563
7854562
7854561
7854560
7854559
7854558
7854557
7854556
7854555
7854554
7854553
7854552
7854551
7854550
7854549
7854548
7854547
7854546
7854545
7854544
7854543
7854542
7854541
7854540
7854539
7854538
7854537
7854536
7854535
7854534
7854533
7854532
7854531
7854530
7854529
7854528
7854527
7854526
7854525
7854524
7854523
7854522
7854521
7854520
7854519
7854518
7854517
7854516
7854515
7854514
7854513
7854512
7854511
7854510
7854509
7854508
7854507
7854506
7854505
7854504
7854503
7854502
7854501
7854500
7854499
7854498
7854497
7854496
7854495
7854494
7854493
7854492
7854491
7854490
7854489
7854488
7854487
7854486
7854485
7854484
7854483
7854482
7854481
7854480
7854479
7854478
7854477
7854476
7854475
7854474
7854473
7854472
7854471
7854470
7854469
7854468
7854467
7854466
7854465
7854464
7854463
7854462
7854461
7854460
7854459
7854458
7854457
7854456
7854455
7854454
7854453
7854452
7854451
7854450
7854449
7854448
7854447
7854446
7854445
7854444
7854443
7854442
7854441
7854440
7854439
7854438
7854437
7854436
7854435
7854434
7854433
7854432
7854431
7854430
7854429
7854428
7854427
7854426
7854425
7854424
7854423
7854422
7854421
7854420
7854419
7854418
7854417
7854416
7854415
7854414
7854413
7854412
7854411
7854410
7854409
7854408
7854407
7854406
7854405
7854404
7854403
7854402
7854401
7854400
7854399
7854398
7854397
7854396
7854395
7854394
7854393
7854392
7854391
7854390
7854389
7854388
7854387
7854386
7854385
7854384
7854383
7854382
7854381
7854380
7854379
7854378
7854377
7854376
7854375
7854374
7854373
7854372
7854371
7854370
7854369
7854368
7854367
7854366
7854365
7854364
7854363
7854362
7854361
7854360
7854359
7854358
7854357
7854356
7854355
7854354
7854353
7854352
7854351
7854350
7854349
7854348
7854347
7854346
7854345
7854344
7854343
7854342
7854341
7854340
7854339
7854338
7854337
7854336
7854335
7854334
7854333
7854332
7854331
7854330
7854329
7854328
7854327
7854326
7854325
7854324
7854323
7854322
7854321
7854320
7854319
7854318
7854317
7854316
7854315
7854314
7854313
7854312
7854311
7854310
7854309
7854308
7854307
7854306
7854305
7854304
7854303
7854302
7854301
7854300
7854299
7854298
7854297
7854296
7854295
7854294
7854293
7854292
7854291
7854290
7854289
7854288
7854287
7854286
7854285
7854284
7854283
7854282
7854281
7854280
7854279
7854278
7854277
7854276
7854275
7854274
7854273
7854272
7854271
7854270
7854269
7854268
7854267
7854266
7854265
7854264
7854263
7854262
7854261
7854260
7854259
7854258
7854257
7854256
7854255
7854254
7854253
7854252
7854251
7854250
7854249
7854248
7854247
7854246
7854245
7854244
7854243
7854242
7854241
7854240
7854239
7854238
7854237
7854236
7854235
7854234
7854233
7854232
7854231
7854230
7854229
7854228
7854227
7854226
7854225
7854224
7854223
7854222
7854221
7854220
7854219
7854218
7854217
7854216
7854215
7854214
7854213
7854212
7854211
7854210
7854209
7854208
7854207
7854206
7854205
7854204
7854203
7854202
7854201
7854200
7854199
7854198
7854197
7854196
7854195
7854194
7854193
7854192
7854191
7854190
7854189
7854188
7854187
7854186
7854185
7854184
7854183
7854182
7854181
7854180
7854179
7854178
7854177
7854176
7854175
7854174
7854173
7854172
7854171
7854170
7854169
7854168
7854167
7854166
7854165
7854164
7854163
7854162
7854161
7854160
7854159
7854158
7854157
7854156
7854155
7854154
7854153
7854152
7854151
7854150
7854149
7854148
7854147
7854146
7854145
7854144
7854143
7854142
7854141
7854140
7854139
7854138
7854137
7854136
7854135
7854134
7854133
7854132
7854131
7854130
7854129
7854128
7854127
7854126
7854125
7854124
7854123
7854122
7854121
7854120
7854119
7854118
7854117
7854116
7854115
7854114
7854113
7854112
7854111
7854110
7854109
7854108
7854107
7854106
7854105
7854104
7854103
7854102
7854101
7854100
7854099
7854098
7854097
7854096
7854095
7854094
7854093
7854092
7854091
7854090
7854089
7854088
7854087
7854086
7854085
7854084
7854083
7854082
7854081
7854080
7854079
7854078
7854077
7854076
7854075
7854074
7854073
7854072
7854071
7854070
7854069
7854068
7854067
7854066
7854065
7854064
7854063
7854062
7854061
7854060
7854059
7854058
7854057
7854056
7854055
7854054
7854053
7854052
7854051
7854050
7854049
7854048
7854047
7854046
7854045
7854044
7854043
7854042
7854041
7854040
7854039
7854038
7854037
7854036
7854035
7854034
7854033
7854032
7854031
7854030
7854029
7854028
7854027
7854026
7854025
7854024
7854023
7854022
7854021
7854020
7854019
7854018
7854017
7854016
7854015
7854014
7854013
7854012
7854011
7854010
7854009
7854008
7854007
7854006
7854005
7854004
7854003
7854002
7854001
7854000
7853999
7853998
7853997
7853996
7853995
7853994
7853993
7853992
7853991
7853990
7853989
7853988
7853987
7853986
7853985
7853984
7853983
7853982
7853981
7853980
7853979
7853978
7853977
7853976
7853975
7853974
7853973
7853972
7853971
7853970
7853969
7853968
7853967
7853966
7853965
7853964
7853963
7853962
7853961
7853960
7853959
7853958
7853957
7853956
7853955
7853954
7853953
7853952
7853951
7853950
7853949
7853948
7853947
7853946
7853945
7853944
7853943
7853942
7853941
7853940
7853939
7853938
7853937
7853936
7853935
7853934
7853933
7853932
7853931
7853930
7853929
7853928
7853927
7853926
7853925
7853924
7853923
7853922
7853921
7853920
7853919
7853918
7853917
7853916
7853915
7853914
7853913
7853912
7853911
7853910
7853909
7853908
7853907
7853906
7853905
7853904
7853903
7853902
7853901
7853900
7853899
7853898
7853897
7853896
7853895
7853894
7853893
7853892
7853891
7853890
7853889
7853888
7853887
7853886
7853885
7853884
7853883
7853882
7853881
7853880
7853879
7853878
7853877
7853876
7853875
7853874
7853873
7853872
7853871
7853870
7853869
7853868
7853867
7853866
7853865
7853864
7853863
7853862
7853861
7853860
7853859
7853858
7853857
7853856
7853855
7853854
7853853
7853852
7853851
7853850
7853849
7853848
7853847
7853846
7853845
7853844
7853843
7853842
7853841
7853840
7853839
7853838
7853837
7853836
7853835
7853834
7853833
7853832
7853831
7853830
7853829
7853828
7853827
7853826
