10356272
10356271
10356270
10356269
10356268
10356267
10356266
10356265
10356264
10356263
10356262
10356261
10356260
10356259
10356258
10356257
10356256
10356255
10356254
10356253
10356252
10356251
10356250
10356249
10356248
10356247
10356246
10356245
10356244
10356243
10356242
10356241
10356240
10356239
10356238
10356237
10356236
10356235
10356234
10356233
10356232
10356231
10356230
10356229
10356228
10356227
10356226
10356225
10356224
10356223
10356222
10356221
10356220
10356219
10356218
10356217
10356216
